[debug] [2025-10-21T03:28:56.946Z] ----------------------------------------------------------------------
[debug] [2025-10-21T03:28:56.950Z] Command:       C:\Program Files\nodejs\node.exe C:\Users\joseu\AppData\Roaming\npm\node_modules\firebase-tools\lib\bin\firebase.js deploy
[debug] [2025-10-21T03:28:56.950Z] CLI Version:   14.20.0
[debug] [2025-10-21T03:28:56.951Z] Platform:      win32
[debug] [2025-10-21T03:28:56.951Z] Node Version:  v23.3.0
[debug] [2025-10-21T03:28:56.951Z] Time:          Mon Oct 20 2025 23:28:56 GMT-0400 (Eastern Daylight Time)
[debug] [2025-10-21T03:28:56.951Z] ----------------------------------------------------------------------
[debug] 
[debug] [2025-10-21T03:28:56.954Z] >>> [apiv2][query] GET https://firebase-public.firebaseio.com/cli.json [none]
[debug] [2025-10-21T03:28:57.191Z] > command requires scopes: ["email","openid","https://www.googleapis.com/auth/cloudplatformprojects.readonly","https://www.googleapis.com/auth/firebase","https://www.googleapis.com/auth/cloud-platform"]
[debug] [2025-10-21T03:28:57.191Z] > authorizing via signed-in user (unanue.tech@outlook.com)
[debug] [2025-10-21T03:28:57.192Z] [iam] checking project nehspoints for permissions ["datastore.indexes.create","datastore.indexes.delete","datastore.indexes.list","datastore.indexes.update","firebase.projects.get",null]
[debug] [2025-10-21T03:28:57.192Z] Checked if tokens are valid: false, expires at: 1760585649302
[debug] [2025-10-21T03:28:57.192Z] Checked if tokens are valid: false, expires at: 1760585649302
[debug] [2025-10-21T03:28:57.192Z] > refreshing access token with scopes: []
[debug] [2025-10-21T03:28:57.193Z] >>> [apiv2][query] POST https://www.googleapis.com/oauth2/v3/token [none]
[debug] [2025-10-21T03:28:57.193Z] >>> [apiv2][body] POST https://www.googleapis.com/oauth2/v3/token [omitted]
[debug] [2025-10-21T03:28:57.317Z] <<< [apiv2][status] POST https://www.googleapis.com/oauth2/v3/token 200
[debug] [2025-10-21T03:28:57.317Z] <<< [apiv2][body] POST https://www.googleapis.com/oauth2/v3/token [omitted]
[debug] [2025-10-21T03:28:57.330Z] >>> [apiv2][query] POST https://cloudresourcemanager.googleapis.com/v1/projects/nehspoints:testIamPermissions [none]
[debug] [2025-10-21T03:28:57.330Z] >>> [apiv2][(partial)header] POST https://cloudresourcemanager.googleapis.com/v1/projects/nehspoints:testIamPermissions x-goog-quota-user=projects/nehspoints
[debug] [2025-10-21T03:28:57.330Z] >>> [apiv2][body] POST https://cloudresourcemanager.googleapis.com/v1/projects/nehspoints:testIamPermissions {"permissions":["datastore.indexes.create","datastore.indexes.delete","datastore.indexes.list","datastore.indexes.update","firebase.projects.get",null]}
[debug] [2025-10-21T03:28:57.333Z] <<< [apiv2][status] GET https://firebase-public.firebaseio.com/cli.json 200
[debug] [2025-10-21T03:28:57.333Z] <<< [apiv2][body] GET https://firebase-public.firebaseio.com/cli.json {"cloudBuildErrorAfter":1594252800000,"cloudBuildWarnAfter":1590019200000,"defaultNode10After":1594252800000,"minVersion":"3.0.5","node8DeploysDisabledAfter":1613390400000,"node8RuntimeDisabledAfter":1615809600000,"node8WarnAfter":1600128000000}
[debug] [2025-10-21T03:28:57.513Z] <<< [apiv2][status] POST https://cloudresourcemanager.googleapis.com/v1/projects/nehspoints:testIamPermissions 200
[debug] [2025-10-21T03:28:57.513Z] <<< [apiv2][body] POST https://cloudresourcemanager.googleapis.com/v1/projects/nehspoints:testIamPermissions {"permissions":["datastore.indexes.create","datastore.indexes.delete","datastore.indexes.list","datastore.indexes.update","firebase.projects.get"]}
[debug] [2025-10-21T03:28:57.514Z] [iam] error while checking permissions, command may fail: Authorization failed. This account is missing the following required permissions on project nehspoints:

  
[info] 
[info] === Deploying to 'nehspoints'...
[info] 
[info] i  deploying firestore, apphosting 
[info] i  firestore: ensuring required API firestore.googleapis.com is enabled... 
[info] i  firestore: ensuring required API firestore.googleapis.com is enabled... 
[debug] [2025-10-21T03:28:57.517Z] Checked if tokens are valid: true, expires at: 1761020936317
[debug] [2025-10-21T03:28:57.517Z] Checked if tokens are valid: true, expires at: 1761020936317
[debug] [2025-10-21T03:28:57.517Z] >>> [apiv2][query] GET https://firestore.googleapis.com/v1/projects/nehspoints/databases/(default) [none]
[debug] [2025-10-21T03:28:57.868Z] <<< [apiv2][status] GET https://firestore.googleapis.com/v1/projects/nehspoints/databases/(default) 200
[debug] [2025-10-21T03:28:57.868Z] <<< [apiv2][body] GET https://firestore.googleapis.com/v1/projects/nehspoints/databases/(default) {"name":"projects/nehspoints/databases/(default)","uid":"bb91a2d0-d05e-4c5b-9524-421dc70d45ef","createTime":"2025-10-16T02:42:35.519410Z","updateTime":"2025-10-16T02:42:35.519410Z","locationId":"nam5","type":"FIRESTORE_NATIVE","concurrencyMode":"PESSIMISTIC","versionRetentionPeriod":"3600s","earliestVersionTime":"2025-10-21T02:30:00.124109Z","appEngineIntegrationMode":"DISABLED","keyPrefix":"s","pointInTimeRecoveryEnablement":"POINT_IN_TIME_RECOVERY_DISABLED","deleteProtectionState":"DELETE_PROTECTION_DISABLED","databaseEdition":"STANDARD","freeTier":true,"realtimeUpdatesMode":"REALTIME_UPDATES_MODE_ENABLED","etag":"IIbBz4SttJADMNTTtJHZp5AD"}
[info] i  firestore: reading indexes from firestore.indexes.json... 
[info] i  cloud.firestore: checking firestore.rules for compilation errors... 
[debug] [2025-10-21T03:28:57.871Z] Checked if tokens are valid: true, expires at: 1761020936317
[debug] [2025-10-21T03:28:57.871Z] Checked if tokens are valid: true, expires at: 1761020936317
[debug] [2025-10-21T03:28:57.871Z] >>> [apiv2][query] POST https://firebaserules.googleapis.com/v1/projects/nehspoints:test [none]
[debug] [2025-10-21T03:28:57.871Z] >>> [apiv2][body] POST https://firebaserules.googleapis.com/v1/projects/nehspoints:test [omitted]
[debug] [2025-10-21T03:28:58.129Z] <<< [apiv2][status] POST https://firebaserules.googleapis.com/v1/projects/nehspoints:test 200
[debug] [2025-10-21T03:28:58.129Z] <<< [apiv2][body] POST https://firebaserules.googleapis.com/v1/projects/nehspoints:test {}
[info] +  cloud.firestore: rules file firestore.rules compiled successfully 
[debug] [2025-10-21T03:28:58.131Z] Checked if tokens are valid: true, expires at: 1761020936317
[debug] [2025-10-21T03:28:58.131Z] Checked if tokens are valid: true, expires at: 1761020936317
[debug] [2025-10-21T03:28:58.132Z] >>> [apiv2][query] POST https://iam.googleapis.com/v1/projects/nehspoints/serviceAccounts/firebase-app-hosting-compute@nehspoints.iam.gserviceaccount.com:testIamPermissions [none]
[debug] [2025-10-21T03:28:58.132Z] >>> [apiv2][(partial)header] POST https://iam.googleapis.com/v1/projects/nehspoints/serviceAccounts/firebase-app-hosting-compute@nehspoints.iam.gserviceaccount.com:testIamPermissions x-goog-quota-user=projects/nehspoints
[debug] [2025-10-21T03:28:58.132Z] >>> [apiv2][body] POST https://iam.googleapis.com/v1/projects/nehspoints/serviceAccounts/firebase-app-hosting-compute@nehspoints.iam.gserviceaccount.com:testIamPermissions {"permissions":["iam.serviceAccounts.actAs"]}
[debug] [2025-10-21T03:28:58.345Z] <<< [apiv2][status] POST https://iam.googleapis.com/v1/projects/nehspoints/serviceAccounts/firebase-app-hosting-compute@nehspoints.iam.gserviceaccount.com:testIamPermissions 200
[debug] [2025-10-21T03:28:58.345Z] <<< [apiv2][body] POST https://iam.googleapis.com/v1/projects/nehspoints/serviceAccounts/firebase-app-hosting-compute@nehspoints.iam.gserviceaccount.com:testIamPermissions {"permissions":["iam.serviceAccounts.actAs"]}
[debug] [2025-10-21T03:28:58.345Z] Checked if tokens are valid: true, expires at: 1761020936317
[debug] [2025-10-21T03:28:58.346Z] Checked if tokens are valid: true, expires at: 1761020936317
[debug] [2025-10-21T03:28:58.346Z] >>> [apiv2][query] POST https://iam.googleapis.com/v1/projects/nehspoints/serviceAccounts [none]
[debug] [2025-10-21T03:28:58.346Z] >>> [apiv2][body] POST https://iam.googleapis.com/v1/projects/nehspoints/serviceAccounts {"accountId":"firebase-app-hosting-compute","serviceAccount":{"displayName":"Firebase App Hosting compute service account","description":"Default service account used to run builds and deploys for Firebase App Hosting"}}
[debug] [2025-10-21T03:28:58.587Z] <<< [apiv2][status] POST https://iam.googleapis.com/v1/projects/nehspoints/serviceAccounts 409
[debug] [2025-10-21T03:28:58.587Z] <<< [apiv2][body] POST https://iam.googleapis.com/v1/projects/nehspoints/serviceAccounts [omitted]
[debug] [2025-10-21T03:28:58.588Z] Checked if tokens are valid: true, expires at: 1761020936317
[debug] [2025-10-21T03:28:58.588Z] Checked if tokens are valid: true, expires at: 1761020936317
[debug] [2025-10-21T03:28:58.588Z] >>> [apiv2][query] POST https://cloudresourcemanager.googleapis.com/v1/projects/nehspoints:getIamPolicy [none]
[debug] [2025-10-21T03:28:58.786Z] <<< [apiv2][status] POST https://cloudresourcemanager.googleapis.com/v1/projects/nehspoints:getIamPolicy 200
[debug] [2025-10-21T03:28:58.787Z] <<< [apiv2][body] POST https://cloudresourcemanager.googleapis.com/v1/projects/nehspoints:getIamPolicy {"version":1,"etag":"BwZBorySo3Q=","bindings":[{"role":"roles/artifactregistry.serviceAgent","members":["serviceAccount:service-262409362295@gcp-sa-artifactregistry.iam.gserviceaccount.com"]},{"role":"roles/cloudaicompanion.serviceAgent","members":["serviceAccount:service-262409362295@gcp-sa-cloudaicompanion.iam.gserviceaccount.com"]},{"role":"roles/cloudbuild.builds.builder","members":["serviceAccount:262409362295@cloudbuild.gserviceaccount.com"]},{"role":"roles/cloudbuild.serviceAgent","members":["serviceAccount:service-262409362295@gcp-sa-cloudbuild.iam.gserviceaccount.com"]},{"role":"roles/containerregistry.ServiceAgent","members":["serviceAccount:service-262409362295@containerregistry.iam.gserviceaccount.com"]},{"role":"roles/developerconnect.readTokenAccessor","members":["serviceAccount:firebase-app-hosting-compute@nehspoints.iam.gserviceaccount.com"]},{"role":"roles/developerconnect.serviceAgent","members":["serviceAccount:service-262409362295@gcp-sa-devconnect.iam.gserviceaccount.com"]},{"role":"roles/editor","members":["serviceAccount:262409362295-compute@developer.gserviceaccount.com"]},{"role":"roles/firebase.managementServiceAgent","members":["serviceAccount:service-262409362295@gcp-sa-firebase.iam.gserviceaccount.com"]},{"role":"roles/firebase.sdkAdminServiceAgent","members":["serviceAccount:firebase-adminsdk-fbsvc@nehspoints.iam.gserviceaccount.com","serviceAccount:firebase-app-hosting-compute@nehspoints.iam.gserviceaccount.com"]},{"role":"roles/firebaseapphosting.computeRunner","members":["serviceAccount:firebase-app-hosting-compute@nehspoints.iam.gserviceaccount.com"]},{"role":"roles/firebaseapphosting.serviceAgent","members":["serviceAccount:service-262409362295@gcp-sa-firebaseapphosting.iam.gserviceaccount.com"]},{"role":"roles/firebaserules.system","members":["serviceAccount:service-262409362295@firebase-rules.iam.gserviceaccount.com"]},{"role":"roles/firestore.serviceAgent","members":["serviceAccount:service-262409362295@gcp-sa-firestore.iam.gserviceaccount.com"]},{"role":"roles/iam.serviceAccountTokenCreator","members":["serviceAccount:firebase-adminsdk-fbsvc@nehspoints.iam.gserviceaccount.com"]},{"role":"roles/owner","members":["user:joseunanuejr@gmail.com","user:unanue.tech@outlook.com"]},{"role":"roles/run.serviceAgent","members":["serviceAccount:service-262409362295@serverless-robot-prod.iam.gserviceaccount.com"]},{"role":"roles/secretmanager.admin_withcond_edc63229f4921b4345b7","members":["serviceAccount:service-262409362295@gcp-sa-devconnect.iam.gserviceaccount.com"]},{"role":"roles/storage.objectViewer","members":["serviceAccount:firebase-app-hosting-compute@nehspoints.iam.gserviceaccount.com"]}]}
[debug] [2025-10-21T03:28:58.787Z] Checked if tokens are valid: true, expires at: 1761020936317
[debug] [2025-10-21T03:28:58.787Z] Checked if tokens are valid: true, expires at: 1761020936317
[debug] [2025-10-21T03:28:58.787Z] >>> [apiv2][query] POST https://cloudresourcemanager.googleapis.com/v1/projects/nehspoints:setIamPolicy [none]
[debug] [2025-10-21T03:28:58.788Z] >>> [apiv2][body] POST https://cloudresourcemanager.googleapis.com/v1/projects/nehspoints:setIamPolicy {"policy":{"version":1,"etag":"BwZBorySo3Q=","bindings":[{"role":"roles/artifactregistry.serviceAgent","members":["serviceAccount:service-262409362295@gcp-sa-artifactregistry.iam.gserviceaccount.com"]},{"role":"roles/cloudaicompanion.serviceAgent","members":["serviceAccount:service-262409362295@gcp-sa-cloudaicompanion.iam.gserviceaccount.com"]},{"role":"roles/cloudbuild.builds.builder","members":["serviceAccount:262409362295@cloudbuild.gserviceaccount.com"]},{"role":"roles/cloudbuild.serviceAgent","members":["serviceAccount:service-262409362295@gcp-sa-cloudbuild.iam.gserviceaccount.com"]},{"role":"roles/containerregistry.ServiceAgent","members":["serviceAccount:service-262409362295@containerregistry.iam.gserviceaccount.com"]},{"role":"roles/developerconnect.readTokenAccessor","members":["serviceAccount:firebase-app-hosting-compute@nehspoints.iam.gserviceaccount.com"]},{"role":"roles/developerconnect.serviceAgent","members":["serviceAccount:service-262409362295@gcp-sa-devconnect.iam.gserviceaccount.com"]},{"role":"roles/editor","members":["serviceAccount:262409362295-compute@developer.gserviceaccount.com"]},{"role":"roles/firebase.managementServiceAgent","members":["serviceAccount:service-262409362295@gcp-sa-firebase.iam.gserviceaccount.com"]},{"role":"roles/firebase.sdkAdminServiceAgent","members":["serviceAccount:firebase-adminsdk-fbsvc@nehspoints.iam.gserviceaccount.com","serviceAccount:firebase-app-hosting-compute@nehspoints.iam.gserviceaccount.com"]},{"role":"roles/firebaseapphosting.computeRunner","members":["serviceAccount:firebase-app-hosting-compute@nehspoints.iam.gserviceaccount.com"]},{"role":"roles/firebaseapphosting.serviceAgent","members":["serviceAccount:service-262409362295@gcp-sa-firebaseapphosting.iam.gserviceaccount.com"]},{"role":"roles/firebaserules.system","members":["serviceAccount:service-262409362295@firebase-rules.iam.gserviceaccount.com"]},{"role":"roles/firestore.serviceAgent","members":["serviceAccount:service-262409362295@gcp-sa-firestore.iam.gserviceaccount.com"]},{"role":"roles/iam.serviceAccountTokenCreator","members":["serviceAccount:firebase-adminsdk-fbsvc@nehspoints.iam.gserviceaccount.com"]},{"role":"roles/owner","members":["user:joseunanuejr@gmail.com","user:unanue.tech@outlook.com"]},{"role":"roles/run.serviceAgent","members":["serviceAccount:service-262409362295@serverless-robot-prod.iam.gserviceaccount.com"]},{"role":"roles/secretmanager.admin_withcond_edc63229f4921b4345b7","members":["serviceAccount:service-262409362295@gcp-sa-devconnect.iam.gserviceaccount.com"]},{"role":"roles/storage.objectViewer","members":["serviceAccount:firebase-app-hosting-compute@nehspoints.iam.gserviceaccount.com"]}]},"updateMask":"bindings"}
[debug] [2025-10-21T03:28:59.963Z] <<< [apiv2][status] POST https://cloudresourcemanager.googleapis.com/v1/projects/nehspoints:setIamPolicy 200
[debug] [2025-10-21T03:28:59.963Z] <<< [apiv2][body] POST https://cloudresourcemanager.googleapis.com/v1/projects/nehspoints:setIamPolicy {"version":1,"etag":"BwZBotCzink=","bindings":[{"role":"roles/artifactregistry.serviceAgent","members":["serviceAccount:service-262409362295@gcp-sa-artifactregistry.iam.gserviceaccount.com"]},{"role":"roles/cloudaicompanion.serviceAgent","members":["serviceAccount:service-262409362295@gcp-sa-cloudaicompanion.iam.gserviceaccount.com"]},{"role":"roles/cloudbuild.builds.builder","members":["serviceAccount:262409362295@cloudbuild.gserviceaccount.com"]},{"role":"roles/cloudbuild.serviceAgent","members":["serviceAccount:service-262409362295@gcp-sa-cloudbuild.iam.gserviceaccount.com"]},{"role":"roles/containerregistry.ServiceAgent","members":["serviceAccount:service-262409362295@containerregistry.iam.gserviceaccount.com"]},{"role":"roles/developerconnect.readTokenAccessor","members":["serviceAccount:firebase-app-hosting-compute@nehspoints.iam.gserviceaccount.com"]},{"role":"roles/developerconnect.serviceAgent","members":["serviceAccount:service-262409362295@gcp-sa-devconnect.iam.gserviceaccount.com"]},{"role":"roles/editor","members":["serviceAccount:262409362295-compute@developer.gserviceaccount.com"]},{"role":"roles/firebase.managementServiceAgent","members":["serviceAccount:service-262409362295@gcp-sa-firebase.iam.gserviceaccount.com"]},{"role":"roles/firebase.sdkAdminServiceAgent","members":["serviceAccount:firebase-adminsdk-fbsvc@nehspoints.iam.gserviceaccount.com","serviceAccount:firebase-app-hosting-compute@nehspoints.iam.gserviceaccount.com"]},{"role":"roles/firebaseapphosting.computeRunner","members":["serviceAccount:firebase-app-hosting-compute@nehspoints.iam.gserviceaccount.com"]},{"role":"roles/firebaseapphosting.serviceAgent","members":["serviceAccount:service-262409362295@gcp-sa-firebaseapphosting.iam.gserviceaccount.com"]},{"role":"roles/firebaserules.system","members":["serviceAccount:service-262409362295@firebase-rules.iam.gserviceaccount.com"]},{"role":"roles/firestore.serviceAgent","members":["serviceAccount:service-262409362295@gcp-sa-firestore.iam.gserviceaccount.com"]},{"role":"roles/iam.serviceAccountTokenCreator","members":["serviceAccount:firebase-adminsdk-fbsvc@nehspoints.iam.gserviceaccount.com"]},{"role":"roles/owner","members":["user:joseunanuejr@gmail.com","user:unanue.tech@outlook.com"]},{"role":"roles/run.serviceAgent","members":["serviceAccount:service-262409362295@serverless-robot-prod.iam.gserviceaccount.com"]},{"role":"roles/secretmanager.admin_withcond_edc63229f4921b4345b7","members":["serviceAccount:service-262409362295@gcp-sa-devconnect.iam.gserviceaccount.com"]},{"role":"roles/storage.objectViewer","members":["serviceAccount:firebase-app-hosting-compute@nehspoints.iam.gserviceaccount.com"]}]}
[debug] [2025-10-21T03:28:59.964Z] Checked if tokens are valid: true, expires at: 1761020936317
[debug] [2025-10-21T03:28:59.964Z] Checked if tokens are valid: true, expires at: 1761020936317
[debug] [2025-10-21T03:28:59.964Z] >>> [apiv2][query] GET https://firebaseapphosting.googleapis.com/v1beta/projects/nehspoints/locations/-/backends 
[debug] [2025-10-21T03:29:00.430Z] <<< [apiv2][status] GET https://firebaseapphosting.googleapis.com/v1beta/projects/nehspoints/locations/-/backends 200
[debug] [2025-10-21T03:29:00.430Z] <<< [apiv2][body] GET https://firebaseapphosting.googleapis.com/v1beta/projects/nehspoints/locations/-/backends {"backends":[{"name":"projects/nehspoints/locations/us-central1/backends/nehs-points","createTime":"2025-10-16T02:39:51.003006877Z","updateTime":"2025-10-21T03:24:56.033845Z","labels":{"deployment-tool":"cli-firebase"},"uri":"nehs-points--nehspoints.us-central1.hosted.app","managedResources":[{"runService":{"service":"projects/262409362295/locations/us-central1/services/nehs-points"}}],"codebase":{"repository":"projects/nehspoints/locations/us-central1/connections/apphosting-github-conn-whs4usm/gitRepositoryLinks/jose-unanue-nehspoints","rootDirectory":"/"},"uid":"fa4f4b80-c997-4c5c-bff7-69b7bfc8f6e6","etag":"08Smw8PzBzjH0XWPpFEtrtbU6T7AQOyiKS5xrxDxbyg","reconciling":false,"servingLocality":"GLOBAL_ACCESS","serviceAccount":"firebase-app-hosting-compute@nehspoints.iam.gserviceaccount.com","appId":"1:262409362295:web:0c45367e5681299fdfdf72"}]}
[info] i  apphosting: Found backend(s) nehs-points 
[debug] [2025-10-21T03:29:00.431Z] Checked if tokens are valid: true, expires at: 1761020936317
[debug] [2025-10-21T03:29:00.431Z] Checked if tokens are valid: true, expires at: 1761020936317
[debug] [2025-10-21T03:29:00.431Z] >>> [apiv2][query] GET https://developerconnect.googleapis.com/v1/projects/nehspoints/locations/us-central1/connections/apphosting-github-conn-whs4usm/gitRepositoryLinks/jose-unanue-nehspoints [none]
[debug] [2025-10-21T03:29:00.804Z] <<< [apiv2][status] GET https://developerconnect.googleapis.com/v1/projects/nehspoints/locations/us-central1/connections/apphosting-github-conn-whs4usm/gitRepositoryLinks/jose-unanue-nehspoints 200
[debug] [2025-10-21T03:29:00.804Z] <<< [apiv2][body] GET https://developerconnect.googleapis.com/v1/projects/nehspoints/locations/us-central1/connections/apphosting-github-conn-whs4usm/gitRepositoryLinks/jose-unanue-nehspoints {"name":"projects/nehspoints/locations/us-central1/connections/apphosting-github-conn-whs4usm/gitRepositoryLinks/jose-unanue-nehspoints","cloneUri":"https://github.com/jose-unanue/nehspoints.git","createTime":"2025-10-21T03:23:29.286855999Z","updateTime":"2025-10-21T03:23:29.667489593Z"}
[info] +  Wrote C:\Users\joseu\Desktop\Projects\points system\nehs-points\firebase.json 
[info] i  apphosting: On future invocations of "firebase deploy", your local source will be deployed to nehs-points. You can edit this setting in your firebase.json at any time. 
[debug] [2025-10-21T03:29:05.535Z] Checked if tokens are valid: true, expires at: 1761020936317
[debug] [2025-10-21T03:29:05.535Z] Checked if tokens are valid: true, expires at: 1761020936317
[debug] [2025-10-21T03:29:05.535Z] >>> [apiv2][query] GET https://firebaserules.googleapis.com/v1/projects/nehspoints/releases pageSize=10&pageToken=
[debug] [2025-10-21T03:29:05.727Z] <<< [apiv2][status] GET https://firebaserules.googleapis.com/v1/projects/nehspoints/releases 200
[debug] [2025-10-21T03:29:05.727Z] <<< [apiv2][body] GET https://firebaserules.googleapis.com/v1/projects/nehspoints/releases {"releases":[{"name":"projects/nehspoints/releases/cloud.firestore","rulesetName":"projects/nehspoints/rulesets/57a453dd-9b25-4ca1-a931-1763fd11ca7c","createTime":"2025-10-16T02:42:44.327402Z","updateTime":"2025-10-16T02:42:44.327402Z"}]}
[debug] [2025-10-21T03:29:05.727Z] Checked if tokens are valid: true, expires at: 1761020936317
[debug] [2025-10-21T03:29:05.727Z] Checked if tokens are valid: true, expires at: 1761020936317
[debug] [2025-10-21T03:29:05.727Z] >>> [apiv2][query] GET https://firebaserules.googleapis.com/v1/projects/nehspoints/rulesets/57a453dd-9b25-4ca1-a931-1763fd11ca7c [none]
[debug] [2025-10-21T03:29:05.879Z] <<< [apiv2][status] GET https://firebaserules.googleapis.com/v1/projects/nehspoints/rulesets/57a453dd-9b25-4ca1-a931-1763fd11ca7c 200
[debug] [2025-10-21T03:29:05.879Z] <<< [apiv2][body] GET https://firebaserules.googleapis.com/v1/projects/nehspoints/rulesets/57a453dd-9b25-4ca1-a931-1763fd11ca7c [omitted]
[info] i  firestore: latest version of firestore.rules already up to date, skipping upload... 
[info] i  firestore: deploying indexes... 
[debug] [2025-10-21T03:29:05.881Z] Checked if tokens are valid: true, expires at: 1761020936317
[debug] [2025-10-21T03:29:05.881Z] Checked if tokens are valid: true, expires at: 1761020936317
[debug] [2025-10-21T03:29:05.881Z] >>> [apiv2][query] GET https://firestore.googleapis.com/v1/projects/nehspoints/databases/(default)/collectionGroups/-/indexes [none]
[debug] [2025-10-21T03:29:06.349Z] <<< [apiv2][status] GET https://firestore.googleapis.com/v1/projects/nehspoints/databases/(default)/collectionGroups/-/indexes 200
[debug] [2025-10-21T03:29:06.349Z] <<< [apiv2][body] GET https://firestore.googleapis.com/v1/projects/nehspoints/databases/(default)/collectionGroups/-/indexes {}
[debug] [2025-10-21T03:29:06.349Z] Checked if tokens are valid: true, expires at: 1761020936317
[debug] [2025-10-21T03:29:06.349Z] Checked if tokens are valid: true, expires at: 1761020936317
[debug] [2025-10-21T03:29:06.349Z] >>> [apiv2][query] GET https://firestore.googleapis.com/v1/projects/nehspoints/databases/(default)/collectionGroups/-/fields?filter=indexConfig.usesAncestorConfig=false OR ttlConfig:* [none]
[debug] [2025-10-21T03:29:06.487Z] <<< [apiv2][status] GET https://firestore.googleapis.com/v1/projects/nehspoints/databases/(default)/collectionGroups/-/fields?filter=indexConfig.usesAncestorConfig=false OR ttlConfig:* 200
[debug] [2025-10-21T03:29:06.488Z] <<< [apiv2][body] GET https://firestore.googleapis.com/v1/projects/nehspoints/databases/(default)/collectionGroups/-/fields?filter=indexConfig.usesAncestorConfig=false OR ttlConfig:* {"fields":[{"name":"projects/nehspoints/databases/(default)/collectionGroups/__default__/fields/*","indexConfig":{"indexes":[{"queryScope":"COLLECTION","fields":[{"fieldPath":"*","order":"ASCENDING"}],"state":"READY"},{"queryScope":"COLLECTION","fields":[{"fieldPath":"*","order":"DESCENDING"}],"state":"READY"},{"queryScope":"COLLECTION","fields":[{"fieldPath":"*","arrayConfig":"CONTAINS"}],"state":"READY"}]}}]}
[debug] [2025-10-21T03:29:06.488Z] Checked if tokens are valid: true, expires at: 1761020936317
[debug] [2025-10-21T03:29:06.488Z] Checked if tokens are valid: true, expires at: 1761020936317
[debug] [2025-10-21T03:29:06.488Z] >>> [apiv2][query] GET https://firestore.googleapis.com/v1/projects/nehspoints/databases/(default) [none]
[debug] [2025-10-21T03:29:06.594Z] <<< [apiv2][status] GET https://firestore.googleapis.com/v1/projects/nehspoints/databases/(default) 200
[debug] [2025-10-21T03:29:06.594Z] <<< [apiv2][body] GET https://firestore.googleapis.com/v1/projects/nehspoints/databases/(default) {"name":"projects/nehspoints/databases/(default)","uid":"bb91a2d0-d05e-4c5b-9524-421dc70d45ef","createTime":"2025-10-16T02:42:35.519410Z","updateTime":"2025-10-16T02:42:35.519410Z","locationId":"nam5","type":"FIRESTORE_NATIVE","concurrencyMode":"PESSIMISTIC","versionRetentionPeriod":"3600s","earliestVersionTime":"2025-10-21T02:30:08.851954Z","appEngineIntegrationMode":"DISABLED","keyPrefix":"s","pointInTimeRecoveryEnablement":"POINT_IN_TIME_RECOVERY_DISABLED","deleteProtectionState":"DELETE_PROTECTION_DISABLED","databaseEdition":"STANDARD","freeTier":true,"realtimeUpdatesMode":"REALTIME_UPDATES_MODE_ENABLED","etag":"IL+b5IittJADMNTTtJHZp5AD"}
[info] +  firestore: deployed indexes in firestore.indexes.json successfully for (default) database 
[debug] [2025-10-21T03:29:06.595Z] Checked if tokens are valid: true, expires at: 1761020936317
[debug] [2025-10-21T03:29:06.595Z] Checked if tokens are valid: true, expires at: 1761020936317
[debug] [2025-10-21T03:29:06.595Z] >>> [apiv2][query] GET https://cloudresourcemanager.googleapis.com/v1/projects/nehspoints [none]
[debug] [2025-10-21T03:29:06.807Z] <<< [apiv2][status] GET https://cloudresourcemanager.googleapis.com/v1/projects/nehspoints 200
[debug] [2025-10-21T03:29:06.807Z] <<< [apiv2][body] GET https://cloudresourcemanager.googleapis.com/v1/projects/nehspoints {"projectNumber":"262409362295","projectId":"nehspoints","lifecycleState":"ACTIVE","name":"nehspoints","labels":{"firebase":"enabled","firebase-core":"disabled"},"createTime":"2025-10-16T00:02:21.129026Z"}
[debug] [2025-10-21T03:29:06.807Z] Checked if tokens are valid: true, expires at: 1761020936317
[debug] [2025-10-21T03:29:06.807Z] Checked if tokens are valid: true, expires at: 1761020936317
[debug] [2025-10-21T03:29:06.807Z] >>> [apiv2][query] GET https://storage.googleapis.com/storage/v1/b?project=nehspoints 
[debug] [2025-10-21T03:29:07.066Z] <<< [apiv2][status] GET https://storage.googleapis.com/storage/v1/b?project=nehspoints 200
[debug] [2025-10-21T03:29:07.066Z] <<< [apiv2][body] GET https://storage.googleapis.com/storage/v1/b?project=nehspoints {"kind":"storage#buckets","items":[{"kind":"storage#bucket","selfLink":"https://www.googleapis.com/storage/v1/b/firebaseapphosting-sources-262409362295-us-central1","id":"firebaseapphosting-sources-262409362295-us-central1","name":"firebaseapphosting-sources-262409362295-us-central1","projectNumber":"262409362295","generation":"1760582562962536362","metageneration":"1","location":"US-CENTRAL1","storageClass":"STANDARD","etag":"CAE=","timeCreated":"2025-10-16T02:42:43.170Z","updated":"2025-10-16T02:42:43.170Z","lifecycle":{"rule":[{"action":{"type":"Delete"},"condition":{"age":30}}]},"labels":{"apphosting-source-us-central1":"true"},"softDeletePolicy":{"retentionDurationSeconds":"604800","effectiveTime":"2025-10-16T02:42:43.170Z"},"iamConfiguration":{"bucketPolicyOnly":{"enabled":false},"uniformBucketLevelAccess":{"enabled":false},"publicAccessPrevention":"inherited"},"locationType":"region","satisfiesPZI":true}]}
[info] i  apphosting: Zipped source for backend nehs-points 
[info] i  apphosting: Uploading source for backend nehs-points... 
[debug] [2025-10-21T03:29:07.127Z] Checked if tokens are valid: true, expires at: 1761020936317
[debug] [2025-10-21T03:29:07.128Z] Checked if tokens are valid: true, expires at: 1761020936317
[debug] [2025-10-21T03:29:07.128Z] >>> [apiv2][query] PUT https://storage.googleapis.com/firebaseapphosting-sources-262409362295-us-central1/nehs-points--43644-ySjI6r6Yh9iS-.zip [none]
[debug] [2025-10-21T03:29:07.128Z] >>> [apiv2][body] PUT https://storage.googleapis.com/firebaseapphosting-sources-262409362295-us-central1/nehs-points--43644-ySjI6r6Yh9iS-.zip [stream]
[debug] [2025-10-21T03:29:07.478Z] <<< [apiv2][status] PUT https://storage.googleapis.com/firebaseapphosting-sources-262409362295-us-central1/nehs-points--43644-ySjI6r6Yh9iS-.zip 200
[debug] [2025-10-21T03:29:07.478Z] <<< [apiv2][body] PUT https://storage.googleapis.com/firebaseapphosting-sources-262409362295-us-central1/nehs-points--43644-ySjI6r6Yh9iS-.zip undefined
[info] i  apphosting: Uploaded at gs://firebaseapphosting-sources-262409362295-us-central1/nehs-points--43644-ySjI6r6Yh9iS-.zip 
[debug] [2025-10-21T03:29:07.479Z] [rules] releasing cloud.firestore/(default) with ruleset projects/nehspoints/rulesets/57a453dd-9b25-4ca1-a931-1763fd11ca7c
[debug] [2025-10-21T03:29:07.479Z] Checked if tokens are valid: true, expires at: 1761020936317
[debug] [2025-10-21T03:29:07.479Z] Checked if tokens are valid: true, expires at: 1761020936317
[debug] [2025-10-21T03:29:07.479Z] >>> [apiv2][query] PATCH https://firebaserules.googleapis.com/v1/projects/nehspoints/releases/cloud.firestore/(default) [none]
[debug] [2025-10-21T03:29:07.479Z] >>> [apiv2][body] PATCH https://firebaserules.googleapis.com/v1/projects/nehspoints/releases/cloud.firestore/(default) {"release":{"name":"projects/nehspoints/releases/cloud.firestore/(default)","rulesetName":"projects/nehspoints/rulesets/57a453dd-9b25-4ca1-a931-1763fd11ca7c"}}
[debug] [2025-10-21T03:29:07.823Z] <<< [apiv2][status] PATCH https://firebaserules.googleapis.com/v1/projects/nehspoints/releases/cloud.firestore/(default) 200
[debug] [2025-10-21T03:29:07.823Z] <<< [apiv2][body] PATCH https://firebaserules.googleapis.com/v1/projects/nehspoints/releases/cloud.firestore/(default) {"name":"projects/nehspoints/releases/cloud.firestore","rulesetName":"projects/nehspoints/rulesets/57a453dd-9b25-4ca1-a931-1763fd11ca7c","createTime":"2025-10-16T02:42:44.327402Z","updateTime":"2025-10-21T03:30:10.055365Z"}
[debug] [2025-10-21T03:29:07.823Z] [rules] updated release projects/nehspoints/releases/cloud.firestore
[info] +  firestore: released rules firestore.rules to cloud.firestore 
[debug] [2025-10-21T03:29:07.824Z] Checked if tokens are valid: true, expires at: 1761020936317
[debug] [2025-10-21T03:29:07.824Z] Checked if tokens are valid: true, expires at: 1761020936317
[debug] [2025-10-21T03:29:07.824Z] Checked if tokens are valid: true, expires at: 1761020936317
[debug] [2025-10-21T03:29:07.824Z] Checked if tokens are valid: true, expires at: 1761020936317
[info] i  apphosting: You may also track the rollout(s) at:
	https://console.firebase.google.com/project/nehspoints/apphosting 
[debug] [2025-10-21T03:29:07.827Z] >>> [apiv2][query] GET https://firebaseapphosting.googleapis.com/v1beta/projects/nehspoints/locations/us-central1/backends/nehs-points/rollouts 
[debug] [2025-10-21T03:29:07.828Z] >>> [apiv2][query] GET https://firebaseapphosting.googleapis.com/v1beta/projects/nehspoints/locations/us-central1/backends/nehs-points/builds 
[debug] [2025-10-21T03:29:08.162Z] <<< [apiv2][status] GET https://firebaseapphosting.googleapis.com/v1beta/projects/nehspoints/locations/us-central1/backends/nehs-points/rollouts 200
[debug] [2025-10-21T03:29:08.162Z] <<< [apiv2][body] GET https://firebaseapphosting.googleapis.com/v1beta/projects/nehspoints/locations/us-central1/backends/nehs-points/rollouts {"rollouts":[{"name":"projects/nehspoints/locations/us-central1/backends/nehs-points/rollouts/build-2025-10-16-001","createTime":"2025-10-16T02:42:45.211669777Z","updateTime":"2025-10-16T02:47:08.884309Z","state":"SUCCEEDED","build":"projects/nehspoints/locations/us-central1/backends/nehs-points/builds/build-2025-10-16-001","labels":{"deployment-tool":"cli-firebase"},"uid":"0a4c718d-0693-43a4-8836-ae822f7fa023","etag":"eFdAMPEVfiXMe0Z2G2N1g_2HdzhHuBoVBwhY0QranZA","reconciling":false}]}
[debug] [2025-10-21T03:29:08.297Z] <<< [apiv2][status] GET https://firebaseapphosting.googleapis.com/v1beta/projects/nehspoints/locations/us-central1/backends/nehs-points/builds 200
[debug] [2025-10-21T03:29:08.298Z] <<< [apiv2][body] GET https://firebaseapphosting.googleapis.com/v1beta/projects/nehspoints/locations/us-central1/backends/nehs-points/builds {"builds":[{"name":"projects/nehspoints/locations/us-central1/backends/nehs-points/builds/build-2025-10-21-000","state":"READY","image":"us-central1-docker.pkg.dev/nehspoints/firebaseapphosting-images/nehs-points:build-2025-10-21-000","config":{"runConfig":{"maxInstances":20},"env":[{"variable":"FIREBASE_CONFIG","value":"{\"databaseURL\":\"\",\"projectId\":\"nehspoints\",\"storageBucket\":\"nehspoints.firebasestorage.app\"}","availability":["BUILD","RUNTIME"]},{"variable":"FIREBASE_WEBAPP_CONFIG","value":"{\"apiKey\":\"AIzaSyB1_SQr_XTL8qdI6DL5KyWm9uL2DoD-hcU\",\"appId\":\"1:262409362295:web:0c45367e5681299fdfdf72\",\"authDomain\":\"nehspoints.firebaseapp.com\",\"databaseURL\":\"\",\"messagingSenderId\":\"262409362295\",\"projectId\":\"nehspoints\",\"storageBucket\":\"nehspoints.firebasestorage.app\"}","availability":["BUILD"]}]},"source":{"codebase":{"branch":"main","displayName":"2b115d63d742798a0513ce8a4f49342da41bf041","hash":"2b115d63d742798a0513ce8a4f49342da41bf041","commitMessage":"Setup","uri":"https://github.com/jose-unanue/nehspoints/commit/2b115d63d742798a0513ce8a4f49342da41bf041","author":{"displayName":"jose-unanue","email":"jose.unanuejr@gmail.com"},"commitTime":"2025-10-16T01:37:07Z"}},"buildLogsUri":"https://console.cloud.google.com/cloud-build/builds;region=us-central1/6daed674-57f4-4f4b-a0be-74514f2432ac?project=262409362295","createTime":"2025-10-21T03:24:56.343378408Z","updateTime":"2025-10-21T03:27:28.648199Z","uid":"693db3c4-2390-44ef-887e-aae4a0211f58","etag":"UpZgqbSs6wYMHkYfFB_W37hikESXxDfO94ubbP3QeNA","reconciling":false},{"name":"projects/nehspoints/locations/us-central1/backends/nehs-points/builds/build-2025-10-16-001","state":"READY","image":"us-central1-docker.pkg.dev/nehspoints/firebaseapphosting-images/nehs-points:build-2025-10-16-001","config":{"runConfig":{"maxInstances":20},"env":[{"variable":"FIREBASE_CONFIG","value":"{\"databaseURL\":\"\",\"projectId\":\"nehspoints\",\"storageBucket\":\"nehspoints.firebasestorage.app\"}","availability":["BUILD","RUNTIME"]},{"variable":"FIREBASE_WEBAPP_CONFIG","value":"{\"apiKey\":\"AIzaSyB1_SQr_XTL8qdI6DL5KyWm9uL2DoD-hcU\",\"appId\":\"1:262409362295:web:0c45367e5681299fdfdf72\",\"authDomain\":\"nehspoints.firebaseapp.com\",\"databaseURL\":\"\",\"messagingSenderId\":\"262409362295\",\"projectId\":\"nehspoints\",\"storageBucket\":\"nehspoints.firebasestorage.app\"}","availability":["BUILD"]}]},"source":{"archive":{"rootDirectory":"/","userStorageUri":"gs://firebaseapphosting-sources-262409362295-us-central1/nehs-points--37724-74oBC1uCDnL9-.zip"}},"buildLogsUri":"https://console.cloud.google.com/cloud-build/builds;region=us-central1/49705d8e-7858-47a8-932a-ae07f1ce84f3?project=262409362295","createTime":"2025-10-16T02:42:44.881322380Z","updateTime":"2025-10-16T02:47:08.263012Z","labels":{"deployment-tool":"cli-firebase"},"uid":"741052bb-5599-483f-a7cf-cf8fb4797e43","etag":"9DMPP83B-6lNGDCGBet0O8gh4JGn50WVVslJuB_pyTo","reconciling":false}]}
[debug] [2025-10-21T03:29:08.298Z] Checked if tokens are valid: true, expires at: 1761020936317
[debug] [2025-10-21T03:29:08.298Z] Checked if tokens are valid: true, expires at: 1761020936317
[debug] [2025-10-21T03:29:08.298Z] >>> [apiv2][query] POST https://firebaseapphosting.googleapis.com/v1beta/projects/nehspoints/locations/us-central1/backends/nehs-points/builds buildId=build-2025-10-21-001
[debug] [2025-10-21T03:29:08.298Z] >>> [apiv2][body] POST https://firebaseapphosting.googleapis.com/v1beta/projects/nehspoints/locations/us-central1/backends/nehs-points/builds {"source":{"archive":{"userStorageUri":"gs://firebaseapphosting-sources-262409362295-us-central1/nehs-points--43644-ySjI6r6Yh9iS-.zip","rootDirectory":"/"}},"labels":{"deployment-tool":"cli-firebase"}}
[debug] [2025-10-21T03:29:08.450Z] <<< [apiv2][status] POST https://firebaseapphosting.googleapis.com/v1beta/projects/nehspoints/locations/us-central1/backends/nehs-points/builds 200
[debug] [2025-10-21T03:29:08.450Z] <<< [apiv2][body] POST https://firebaseapphosting.googleapis.com/v1beta/projects/nehspoints/locations/us-central1/backends/nehs-points/builds {"name":"projects/nehspoints/locations/us-central1/operations/operation-1761017410646-641a2d1347397-38fd82f2-513461e6","metadata":{"@type":"type.googleapis.com/google.firebase.apphosting.v1beta.OperationMetadata","createTime":"2025-10-21T03:30:10.691207049Z","target":"projects/nehspoints/locations/us-central1/backends/nehs-points/builds/build-2025-10-21-001","verb":"create","requestedCancellation":false,"apiVersion":"v1beta"},"done":false}
[debug] [2025-10-21T03:29:08.450Z] Checked if tokens are valid: true, expires at: 1761020936317
[debug] [2025-10-21T03:29:08.450Z] Checked if tokens are valid: true, expires at: 1761020936317
[debug] [2025-10-21T03:29:08.450Z] >>> [apiv2][query] POST https://firebaseapphosting.googleapis.com/v1beta/projects/nehspoints/locations/us-central1/backends/nehs-points/rollouts rolloutId=build-2025-10-21-001&validateOnly=true
[debug] [2025-10-21T03:29:08.450Z] >>> [apiv2][body] POST https://firebaseapphosting.googleapis.com/v1beta/projects/nehspoints/locations/us-central1/backends/nehs-points/rollouts {"build":"projects/nehspoints/locations/us-central1/backends/nehs-points/builds/build-2025-10-21-001","labels":{"deployment-tool":"cli-firebase"}}
[debug] [2025-10-21T03:29:08.568Z] <<< [apiv2][status] POST https://firebaseapphosting.googleapis.com/v1beta/projects/nehspoints/locations/us-central1/backends/nehs-points/rollouts 200
[debug] [2025-10-21T03:29:08.568Z] <<< [apiv2][body] POST https://firebaseapphosting.googleapis.com/v1beta/projects/nehspoints/locations/us-central1/backends/nehs-points/rollouts {"name":"","metadata":{},"done":true}
[debug] [2025-10-21T03:29:08.568Z] Checked if tokens are valid: true, expires at: 1761020936317
[debug] [2025-10-21T03:29:08.568Z] Checked if tokens are valid: true, expires at: 1761020936317
[debug] [2025-10-21T03:29:08.569Z] >>> [apiv2][query] POST https://firebaseapphosting.googleapis.com/v1beta/projects/nehspoints/locations/us-central1/backends/nehs-points/rollouts rolloutId=build-2025-10-21-001&validateOnly=false
[debug] [2025-10-21T03:29:08.569Z] >>> [apiv2][body] POST https://firebaseapphosting.googleapis.com/v1beta/projects/nehspoints/locations/us-central1/backends/nehs-points/rollouts {"build":"projects/nehspoints/locations/us-central1/backends/nehs-points/builds/build-2025-10-21-001","labels":{"deployment-tool":"cli-firebase"}}
[debug] [2025-10-21T03:29:08.723Z] <<< [apiv2][status] POST https://firebaseapphosting.googleapis.com/v1beta/projects/nehspoints/locations/us-central1/backends/nehs-points/rollouts 200
[debug] [2025-10-21T03:29:08.724Z] <<< [apiv2][body] POST https://firebaseapphosting.googleapis.com/v1beta/projects/nehspoints/locations/us-central1/backends/nehs-points/rollouts {"name":"projects/nehspoints/locations/us-central1/operations/operation-1761017410929-641a2d138c27e-051747be-4bd72709","metadata":{"@type":"type.googleapis.com/google.firebase.apphosting.v1beta.OperationMetadata","createTime":"2025-10-21T03:30:10.958935024Z","target":"projects/nehspoints/locations/us-central1/backends/nehs-points/rollouts/build-2025-10-21-001","verb":"create","requestedCancellation":false,"apiVersion":"v1beta"},"done":false}
[debug] [2025-10-21T03:29:08.724Z] Checked if tokens are valid: true, expires at: 1761020936317
[debug] [2025-10-21T03:29:08.724Z] Checked if tokens are valid: true, expires at: 1761020936317
[debug] [2025-10-21T03:29:08.725Z] Checked if tokens are valid: true, expires at: 1761020936317
[debug] [2025-10-21T03:29:08.725Z] Checked if tokens are valid: true, expires at: 1761020936317
[debug] [2025-10-21T03:29:08.725Z] >>> [apiv2][query] GET https://firebaseapphosting.googleapis.com/v1beta/projects/nehspoints/locations/us-central1/operations/operation-1761017410929-641a2d138c27e-051747be-4bd72709 [none]
[debug] [2025-10-21T03:29:08.725Z] >>> [apiv2][query] GET https://firebaseapphosting.googleapis.com/v1beta/projects/nehspoints/locations/us-central1/operations/operation-1761017410646-641a2d1347397-38fd82f2-513461e6 [none]
[debug] [2025-10-21T03:29:08.821Z] <<< [apiv2][status] GET https://firebaseapphosting.googleapis.com/v1beta/projects/nehspoints/locations/us-central1/operations/operation-1761017410646-641a2d1347397-38fd82f2-513461e6 200
[debug] [2025-10-21T03:29:08.821Z] <<< [apiv2][body] GET https://firebaseapphosting.googleapis.com/v1beta/projects/nehspoints/locations/us-central1/operations/operation-1761017410646-641a2d1347397-38fd82f2-513461e6 {"name":"projects/nehspoints/locations/us-central1/operations/operation-1761017410646-641a2d1347397-38fd82f2-513461e6","metadata":{"@type":"type.googleapis.com/google.firebase.apphosting.v1beta.OperationMetadata","createTime":"2025-10-21T03:30:10.691207049Z","target":"projects/nehspoints/locations/us-central1/backends/nehs-points/builds/build-2025-10-21-001","verb":"create","requestedCancellation":false,"apiVersion":"v1beta"},"done":false}
[debug] [2025-10-21T03:29:08.837Z] <<< [apiv2][status] GET https://firebaseapphosting.googleapis.com/v1beta/projects/nehspoints/locations/us-central1/operations/operation-1761017410929-641a2d138c27e-051747be-4bd72709 200
[debug] [2025-10-21T03:29:08.837Z] <<< [apiv2][body] GET https://firebaseapphosting.googleapis.com/v1beta/projects/nehspoints/locations/us-central1/operations/operation-1761017410929-641a2d138c27e-051747be-4bd72709 {"name":"projects/nehspoints/locations/us-central1/operations/operation-1761017410929-641a2d138c27e-051747be-4bd72709","metadata":{"@type":"type.googleapis.com/google.firebase.apphosting.v1beta.OperationMetadata","createTime":"2025-10-21T03:30:10.958935024Z","endTime":"2025-10-21T03:30:11.007780587Z","target":"projects/nehspoints/locations/us-central1/backends/nehs-points/rollouts/build-2025-10-21-001","verb":"create","requestedCancellation":false,"apiVersion":"v1beta"},"done":true,"response":{"@type":"type.googleapis.com/google.firebase.apphosting.v1beta.Rollout","name":"projects/nehspoints/locations/us-central1/backends/nehs-points/rollouts/build-2025-10-21-001","createTime":"2025-10-21T03:30:10.946477336Z","updateTime":"2025-10-21T03:30:11.004076Z","state":"QUEUED","build":"projects/nehspoints/locations/us-central1/backends/nehs-points/builds/build-2025-10-21-001","labels":{"deployment-tool":"cli-firebase"},"uid":"1d624e83-74d6-4ea0-8d0c-70bae36cd7de","etag":"r_-3Eg9WwKZq7suKPmcTgD2znRqpVYR-chIqxuINPIQ","reconciling":false}}
[debug] [2025-10-21T03:29:09.325Z] [create-nehspoints-us-central1-backend-nehs-points-build-build-2025-10-21-001] Retrying task index 0
[debug] [2025-10-21T03:29:09.326Z] Checked if tokens are valid: true, expires at: 1761020936317
[debug] [2025-10-21T03:29:09.326Z] Checked if tokens are valid: true, expires at: 1761020936317
[debug] [2025-10-21T03:29:09.326Z] >>> [apiv2][query] GET https://firebaseapphosting.googleapis.com/v1beta/projects/nehspoints/locations/us-central1/operations/operation-1761017410646-641a2d1347397-38fd82f2-513461e6 [none]
[debug] [2025-10-21T03:29:09.421Z] <<< [apiv2][status] GET https://firebaseapphosting.googleapis.com/v1beta/projects/nehspoints/locations/us-central1/operations/operation-1761017410646-641a2d1347397-38fd82f2-513461e6 200
[debug] [2025-10-21T03:29:09.421Z] <<< [apiv2][body] GET https://firebaseapphosting.googleapis.com/v1beta/projects/nehspoints/locations/us-central1/operations/operation-1761017410646-641a2d1347397-38fd82f2-513461e6 {"name":"projects/nehspoints/locations/us-central1/operations/operation-1761017410646-641a2d1347397-38fd82f2-513461e6","metadata":{"@type":"type.googleapis.com/google.firebase.apphosting.v1beta.OperationMetadata","createTime":"2025-10-21T03:30:10.691207049Z","target":"projects/nehspoints/locations/us-central1/backends/nehs-points/builds/build-2025-10-21-001","verb":"create","requestedCancellation":false,"apiVersion":"v1beta"},"done":false}
[debug] [2025-10-21T03:29:10.424Z] [create-nehspoints-us-central1-backend-nehs-points-build-build-2025-10-21-001] Retrying task index 0
[debug] [2025-10-21T03:29:10.425Z] Checked if tokens are valid: true, expires at: 1761020936317
[debug] [2025-10-21T03:29:10.425Z] Checked if tokens are valid: true, expires at: 1761020936317
[debug] [2025-10-21T03:29:10.425Z] >>> [apiv2][query] GET https://firebaseapphosting.googleapis.com/v1beta/projects/nehspoints/locations/us-central1/operations/operation-1761017410646-641a2d1347397-38fd82f2-513461e6 [none]
[debug] [2025-10-21T03:29:10.516Z] <<< [apiv2][status] GET https://firebaseapphosting.googleapis.com/v1beta/projects/nehspoints/locations/us-central1/operations/operation-1761017410646-641a2d1347397-38fd82f2-513461e6 200
[debug] [2025-10-21T03:29:10.516Z] <<< [apiv2][body] GET https://firebaseapphosting.googleapis.com/v1beta/projects/nehspoints/locations/us-central1/operations/operation-1761017410646-641a2d1347397-38fd82f2-513461e6 {"name":"projects/nehspoints/locations/us-central1/operations/operation-1761017410646-641a2d1347397-38fd82f2-513461e6","metadata":{"@type":"type.googleapis.com/google.firebase.apphosting.v1beta.OperationMetadata","createTime":"2025-10-21T03:30:10.691207049Z","target":"projects/nehspoints/locations/us-central1/backends/nehs-points/builds/build-2025-10-21-001","verb":"create","requestedCancellation":false,"apiVersion":"v1beta"},"done":false}
[debug] [2025-10-21T03:29:12.527Z] [create-nehspoints-us-central1-backend-nehs-points-build-build-2025-10-21-001] Retrying task index 0
[debug] [2025-10-21T03:29:12.527Z] Checked if tokens are valid: true, expires at: 1761020936317
[debug] [2025-10-21T03:29:12.527Z] Checked if tokens are valid: true, expires at: 1761020936317
[debug] [2025-10-21T03:29:12.527Z] >>> [apiv2][query] GET https://firebaseapphosting.googleapis.com/v1beta/projects/nehspoints/locations/us-central1/operations/operation-1761017410646-641a2d1347397-38fd82f2-513461e6 [none]
[debug] [2025-10-21T03:29:12.591Z] <<< [apiv2][status] GET https://firebaseapphosting.googleapis.com/v1beta/projects/nehspoints/locations/us-central1/operations/operation-1761017410646-641a2d1347397-38fd82f2-513461e6 200
[debug] [2025-10-21T03:29:12.591Z] <<< [apiv2][body] GET https://firebaseapphosting.googleapis.com/v1beta/projects/nehspoints/locations/us-central1/operations/operation-1761017410646-641a2d1347397-38fd82f2-513461e6 {"name":"projects/nehspoints/locations/us-central1/operations/operation-1761017410646-641a2d1347397-38fd82f2-513461e6","metadata":{"@type":"type.googleapis.com/google.firebase.apphosting.v1beta.OperationMetadata","createTime":"2025-10-21T03:30:10.691207049Z","target":"projects/nehspoints/locations/us-central1/backends/nehs-points/builds/build-2025-10-21-001","verb":"create","requestedCancellation":false,"apiVersion":"v1beta"},"done":false}
[debug] [2025-10-21T03:29:16.605Z] [create-nehspoints-us-central1-backend-nehs-points-build-build-2025-10-21-001] Retrying task index 0
[debug] [2025-10-21T03:29:16.605Z] Checked if tokens are valid: true, expires at: 1761020936317
[debug] [2025-10-21T03:29:16.605Z] Checked if tokens are valid: true, expires at: 1761020936317
[debug] [2025-10-21T03:29:16.605Z] >>> [apiv2][query] GET https://firebaseapphosting.googleapis.com/v1beta/projects/nehspoints/locations/us-central1/operations/operation-1761017410646-641a2d1347397-38fd82f2-513461e6 [none]
[debug] [2025-10-21T03:29:16.673Z] <<< [apiv2][status] GET https://firebaseapphosting.googleapis.com/v1beta/projects/nehspoints/locations/us-central1/operations/operation-1761017410646-641a2d1347397-38fd82f2-513461e6 200
[debug] [2025-10-21T03:29:16.673Z] <<< [apiv2][body] GET https://firebaseapphosting.googleapis.com/v1beta/projects/nehspoints/locations/us-central1/operations/operation-1761017410646-641a2d1347397-38fd82f2-513461e6 {"name":"projects/nehspoints/locations/us-central1/operations/operation-1761017410646-641a2d1347397-38fd82f2-513461e6","metadata":{"@type":"type.googleapis.com/google.firebase.apphosting.v1beta.OperationMetadata","createTime":"2025-10-21T03:30:10.691207049Z","target":"projects/nehspoints/locations/us-central1/backends/nehs-points/builds/build-2025-10-21-001","verb":"create","requestedCancellation":false,"apiVersion":"v1beta"},"done":false}
[debug] [2025-10-21T03:29:24.681Z] [create-nehspoints-us-central1-backend-nehs-points-build-build-2025-10-21-001] Retrying task index 0
[debug] [2025-10-21T03:29:24.681Z] Checked if tokens are valid: true, expires at: 1761020936317
[debug] [2025-10-21T03:29:24.681Z] Checked if tokens are valid: true, expires at: 1761020936317
[debug] [2025-10-21T03:29:24.681Z] >>> [apiv2][query] GET https://firebaseapphosting.googleapis.com/v1beta/projects/nehspoints/locations/us-central1/operations/operation-1761017410646-641a2d1347397-38fd82f2-513461e6 [none]
[debug] [2025-10-21T03:29:24.982Z] <<< [apiv2][status] GET https://firebaseapphosting.googleapis.com/v1beta/projects/nehspoints/locations/us-central1/operations/operation-1761017410646-641a2d1347397-38fd82f2-513461e6 200
[debug] [2025-10-21T03:29:24.982Z] <<< [apiv2][body] GET https://firebaseapphosting.googleapis.com/v1beta/projects/nehspoints/locations/us-central1/operations/operation-1761017410646-641a2d1347397-38fd82f2-513461e6 {"name":"projects/nehspoints/locations/us-central1/operations/operation-1761017410646-641a2d1347397-38fd82f2-513461e6","metadata":{"@type":"type.googleapis.com/google.firebase.apphosting.v1beta.OperationMetadata","createTime":"2025-10-21T03:30:10.691207049Z","target":"projects/nehspoints/locations/us-central1/backends/nehs-points/builds/build-2025-10-21-001","verb":"create","requestedCancellation":false,"apiVersion":"v1beta"},"done":false}
[debug] [2025-10-21T03:29:34.986Z] [create-nehspoints-us-central1-backend-nehs-points-build-build-2025-10-21-001] Retrying task index 0
[debug] [2025-10-21T03:29:34.987Z] Checked if tokens are valid: true, expires at: 1761020936317
[debug] [2025-10-21T03:29:34.987Z] Checked if tokens are valid: true, expires at: 1761020936317
[debug] [2025-10-21T03:29:34.987Z] >>> [apiv2][query] GET https://firebaseapphosting.googleapis.com/v1beta/projects/nehspoints/locations/us-central1/operations/operation-1761017410646-641a2d1347397-38fd82f2-513461e6 [none]
[debug] [2025-10-21T03:29:35.280Z] <<< [apiv2][status] GET https://firebaseapphosting.googleapis.com/v1beta/projects/nehspoints/locations/us-central1/operations/operation-1761017410646-641a2d1347397-38fd82f2-513461e6 200
[debug] [2025-10-21T03:29:35.280Z] <<< [apiv2][body] GET https://firebaseapphosting.googleapis.com/v1beta/projects/nehspoints/locations/us-central1/operations/operation-1761017410646-641a2d1347397-38fd82f2-513461e6 {"name":"projects/nehspoints/locations/us-central1/operations/operation-1761017410646-641a2d1347397-38fd82f2-513461e6","metadata":{"@type":"type.googleapis.com/google.firebase.apphosting.v1beta.OperationMetadata","createTime":"2025-10-21T03:30:10.691207049Z","target":"projects/nehspoints/locations/us-central1/backends/nehs-points/builds/build-2025-10-21-001","verb":"create","requestedCancellation":false,"apiVersion":"v1beta"},"done":false}
[debug] [2025-10-21T03:29:45.287Z] [create-nehspoints-us-central1-backend-nehs-points-build-build-2025-10-21-001] Retrying task index 0
[debug] [2025-10-21T03:29:45.287Z] Checked if tokens are valid: true, expires at: 1761020936317
[debug] [2025-10-21T03:29:45.287Z] Checked if tokens are valid: true, expires at: 1761020936317
[debug] [2025-10-21T03:29:45.287Z] >>> [apiv2][query] GET https://firebaseapphosting.googleapis.com/v1beta/projects/nehspoints/locations/us-central1/operations/operation-1761017410646-641a2d1347397-38fd82f2-513461e6 [none]
[debug] [2025-10-21T03:29:45.582Z] <<< [apiv2][status] GET https://firebaseapphosting.googleapis.com/v1beta/projects/nehspoints/locations/us-central1/operations/operation-1761017410646-641a2d1347397-38fd82f2-513461e6 200
[debug] [2025-10-21T03:29:45.582Z] <<< [apiv2][body] GET https://firebaseapphosting.googleapis.com/v1beta/projects/nehspoints/locations/us-central1/operations/operation-1761017410646-641a2d1347397-38fd82f2-513461e6 {"name":"projects/nehspoints/locations/us-central1/operations/operation-1761017410646-641a2d1347397-38fd82f2-513461e6","metadata":{"@type":"type.googleapis.com/google.firebase.apphosting.v1beta.OperationMetadata","createTime":"2025-10-21T03:30:10.691207049Z","target":"projects/nehspoints/locations/us-central1/backends/nehs-points/builds/build-2025-10-21-001","verb":"create","requestedCancellation":false,"apiVersion":"v1beta"},"done":false}
[debug] [2025-10-21T03:29:55.590Z] [create-nehspoints-us-central1-backend-nehs-points-build-build-2025-10-21-001] Retrying task index 0
[debug] [2025-10-21T03:29:55.590Z] Checked if tokens are valid: true, expires at: 1761020936317
[debug] [2025-10-21T03:29:55.590Z] Checked if tokens are valid: true, expires at: 1761020936317
[debug] [2025-10-21T03:29:55.590Z] >>> [apiv2][query] GET https://firebaseapphosting.googleapis.com/v1beta/projects/nehspoints/locations/us-central1/operations/operation-1761017410646-641a2d1347397-38fd82f2-513461e6 [none]
[debug] [2025-10-21T03:29:55.877Z] <<< [apiv2][status] GET https://firebaseapphosting.googleapis.com/v1beta/projects/nehspoints/locations/us-central1/operations/operation-1761017410646-641a2d1347397-38fd82f2-513461e6 200
[debug] [2025-10-21T03:29:55.877Z] <<< [apiv2][body] GET https://firebaseapphosting.googleapis.com/v1beta/projects/nehspoints/locations/us-central1/operations/operation-1761017410646-641a2d1347397-38fd82f2-513461e6 {"name":"projects/nehspoints/locations/us-central1/operations/operation-1761017410646-641a2d1347397-38fd82f2-513461e6","metadata":{"@type":"type.googleapis.com/google.firebase.apphosting.v1beta.OperationMetadata","createTime":"2025-10-21T03:30:10.691207049Z","target":"projects/nehspoints/locations/us-central1/backends/nehs-points/builds/build-2025-10-21-001","verb":"create","requestedCancellation":false,"apiVersion":"v1beta"},"done":false}
[debug] [2025-10-21T03:30:05.890Z] [create-nehspoints-us-central1-backend-nehs-points-build-build-2025-10-21-001] Retrying task index 0
[debug] [2025-10-21T03:30:05.890Z] Checked if tokens are valid: true, expires at: 1761020936317
[debug] [2025-10-21T03:30:05.890Z] Checked if tokens are valid: true, expires at: 1761020936317
[debug] [2025-10-21T03:30:05.890Z] >>> [apiv2][query] GET https://firebaseapphosting.googleapis.com/v1beta/projects/nehspoints/locations/us-central1/operations/operation-1761017410646-641a2d1347397-38fd82f2-513461e6 [none]
[debug] [2025-10-21T03:30:06.201Z] <<< [apiv2][status] GET https://firebaseapphosting.googleapis.com/v1beta/projects/nehspoints/locations/us-central1/operations/operation-1761017410646-641a2d1347397-38fd82f2-513461e6 200
[debug] [2025-10-21T03:30:06.201Z] <<< [apiv2][body] GET https://firebaseapphosting.googleapis.com/v1beta/projects/nehspoints/locations/us-central1/operations/operation-1761017410646-641a2d1347397-38fd82f2-513461e6 {"name":"projects/nehspoints/locations/us-central1/operations/operation-1761017410646-641a2d1347397-38fd82f2-513461e6","metadata":{"@type":"type.googleapis.com/google.firebase.apphosting.v1beta.OperationMetadata","createTime":"2025-10-21T03:30:10.691207049Z","target":"projects/nehspoints/locations/us-central1/backends/nehs-points/builds/build-2025-10-21-001","verb":"create","requestedCancellation":false,"apiVersion":"v1beta"},"done":false}
[debug] [2025-10-21T03:30:16.202Z] [create-nehspoints-us-central1-backend-nehs-points-build-build-2025-10-21-001] Retrying task index 0
[debug] [2025-10-21T03:30:16.203Z] Checked if tokens are valid: true, expires at: 1761020936317
[debug] [2025-10-21T03:30:16.203Z] Checked if tokens are valid: true, expires at: 1761020936317
[debug] [2025-10-21T03:30:16.203Z] >>> [apiv2][query] GET https://firebaseapphosting.googleapis.com/v1beta/projects/nehspoints/locations/us-central1/operations/operation-1761017410646-641a2d1347397-38fd82f2-513461e6 [none]
[debug] [2025-10-21T03:30:16.490Z] <<< [apiv2][status] GET https://firebaseapphosting.googleapis.com/v1beta/projects/nehspoints/locations/us-central1/operations/operation-1761017410646-641a2d1347397-38fd82f2-513461e6 200
[debug] [2025-10-21T03:30:16.490Z] <<< [apiv2][body] GET https://firebaseapphosting.googleapis.com/v1beta/projects/nehspoints/locations/us-central1/operations/operation-1761017410646-641a2d1347397-38fd82f2-513461e6 {"name":"projects/nehspoints/locations/us-central1/operations/operation-1761017410646-641a2d1347397-38fd82f2-513461e6","metadata":{"@type":"type.googleapis.com/google.firebase.apphosting.v1beta.OperationMetadata","createTime":"2025-10-21T03:30:10.691207049Z","target":"projects/nehspoints/locations/us-central1/backends/nehs-points/builds/build-2025-10-21-001","verb":"create","requestedCancellation":false,"apiVersion":"v1beta"},"done":false}
[debug] [2025-10-21T03:30:26.496Z] [create-nehspoints-us-central1-backend-nehs-points-build-build-2025-10-21-001] Retrying task index 0
[debug] [2025-10-21T03:30:26.497Z] Checked if tokens are valid: true, expires at: 1761020936317
[debug] [2025-10-21T03:30:26.497Z] Checked if tokens are valid: true, expires at: 1761020936317
[debug] [2025-10-21T03:30:26.497Z] >>> [apiv2][query] GET https://firebaseapphosting.googleapis.com/v1beta/projects/nehspoints/locations/us-central1/operations/operation-1761017410646-641a2d1347397-38fd82f2-513461e6 [none]
[debug] [2025-10-21T03:30:26.809Z] <<< [apiv2][status] GET https://firebaseapphosting.googleapis.com/v1beta/projects/nehspoints/locations/us-central1/operations/operation-1761017410646-641a2d1347397-38fd82f2-513461e6 200
[debug] [2025-10-21T03:30:26.809Z] <<< [apiv2][body] GET https://firebaseapphosting.googleapis.com/v1beta/projects/nehspoints/locations/us-central1/operations/operation-1761017410646-641a2d1347397-38fd82f2-513461e6 {"name":"projects/nehspoints/locations/us-central1/operations/operation-1761017410646-641a2d1347397-38fd82f2-513461e6","metadata":{"@type":"type.googleapis.com/google.firebase.apphosting.v1beta.OperationMetadata","createTime":"2025-10-21T03:30:10.691207049Z","target":"projects/nehspoints/locations/us-central1/backends/nehs-points/builds/build-2025-10-21-001","verb":"create","requestedCancellation":false,"apiVersion":"v1beta"},"done":false}
[debug] [2025-10-21T03:30:36.821Z] [create-nehspoints-us-central1-backend-nehs-points-build-build-2025-10-21-001] Retrying task index 0
[debug] [2025-10-21T03:30:36.822Z] Checked if tokens are valid: true, expires at: 1761020936317
[debug] [2025-10-21T03:30:36.822Z] Checked if tokens are valid: true, expires at: 1761020936317
[debug] [2025-10-21T03:30:36.822Z] >>> [apiv2][query] GET https://firebaseapphosting.googleapis.com/v1beta/projects/nehspoints/locations/us-central1/operations/operation-1761017410646-641a2d1347397-38fd82f2-513461e6 [none]
[debug] [2025-10-21T03:30:37.124Z] <<< [apiv2][status] GET https://firebaseapphosting.googleapis.com/v1beta/projects/nehspoints/locations/us-central1/operations/operation-1761017410646-641a2d1347397-38fd82f2-513461e6 200
[debug] [2025-10-21T03:30:37.124Z] <<< [apiv2][body] GET https://firebaseapphosting.googleapis.com/v1beta/projects/nehspoints/locations/us-central1/operations/operation-1761017410646-641a2d1347397-38fd82f2-513461e6 {"name":"projects/nehspoints/locations/us-central1/operations/operation-1761017410646-641a2d1347397-38fd82f2-513461e6","metadata":{"@type":"type.googleapis.com/google.firebase.apphosting.v1beta.OperationMetadata","createTime":"2025-10-21T03:30:10.691207049Z","target":"projects/nehspoints/locations/us-central1/backends/nehs-points/builds/build-2025-10-21-001","verb":"create","requestedCancellation":false,"apiVersion":"v1beta"},"done":false}
[debug] [2025-10-21T03:30:47.132Z] [create-nehspoints-us-central1-backend-nehs-points-build-build-2025-10-21-001] Retrying task index 0
[debug] [2025-10-21T03:30:47.132Z] Checked if tokens are valid: true, expires at: 1761020936317
[debug] [2025-10-21T03:30:47.132Z] Checked if tokens are valid: true, expires at: 1761020936317
[debug] [2025-10-21T03:30:47.132Z] >>> [apiv2][query] GET https://firebaseapphosting.googleapis.com/v1beta/projects/nehspoints/locations/us-central1/operations/operation-1761017410646-641a2d1347397-38fd82f2-513461e6 [none]
[debug] [2025-10-21T03:30:47.417Z] <<< [apiv2][status] GET https://firebaseapphosting.googleapis.com/v1beta/projects/nehspoints/locations/us-central1/operations/operation-1761017410646-641a2d1347397-38fd82f2-513461e6 200
[debug] [2025-10-21T03:30:47.418Z] <<< [apiv2][body] GET https://firebaseapphosting.googleapis.com/v1beta/projects/nehspoints/locations/us-central1/operations/operation-1761017410646-641a2d1347397-38fd82f2-513461e6 {"name":"projects/nehspoints/locations/us-central1/operations/operation-1761017410646-641a2d1347397-38fd82f2-513461e6","metadata":{"@type":"type.googleapis.com/google.firebase.apphosting.v1beta.OperationMetadata","createTime":"2025-10-21T03:30:10.691207049Z","target":"projects/nehspoints/locations/us-central1/backends/nehs-points/builds/build-2025-10-21-001","verb":"create","requestedCancellation":false,"apiVersion":"v1beta"},"done":false}
[debug] [2025-10-21T03:30:57.423Z] [create-nehspoints-us-central1-backend-nehs-points-build-build-2025-10-21-001] Retrying task index 0
[debug] [2025-10-21T03:30:57.423Z] Checked if tokens are valid: true, expires at: 1761020936317
[debug] [2025-10-21T03:30:57.424Z] Checked if tokens are valid: true, expires at: 1761020936317
[debug] [2025-10-21T03:30:57.424Z] >>> [apiv2][query] GET https://firebaseapphosting.googleapis.com/v1beta/projects/nehspoints/locations/us-central1/operations/operation-1761017410646-641a2d1347397-38fd82f2-513461e6 [none]
[debug] [2025-10-21T03:30:57.716Z] <<< [apiv2][status] GET https://firebaseapphosting.googleapis.com/v1beta/projects/nehspoints/locations/us-central1/operations/operation-1761017410646-641a2d1347397-38fd82f2-513461e6 200
[debug] [2025-10-21T03:30:57.716Z] <<< [apiv2][body] GET https://firebaseapphosting.googleapis.com/v1beta/projects/nehspoints/locations/us-central1/operations/operation-1761017410646-641a2d1347397-38fd82f2-513461e6 {"name":"projects/nehspoints/locations/us-central1/operations/operation-1761017410646-641a2d1347397-38fd82f2-513461e6","metadata":{"@type":"type.googleapis.com/google.firebase.apphosting.v1beta.OperationMetadata","createTime":"2025-10-21T03:30:10.691207049Z","target":"projects/nehspoints/locations/us-central1/backends/nehs-points/builds/build-2025-10-21-001","verb":"create","requestedCancellation":false,"apiVersion":"v1beta"},"done":false}
